<?xml version="1.0" encoding="UTF-8"?>
<testng-results skipped="0" failed="0" total="8" passed="8">
  <reporter-output>
  </reporter-output>
  <suite name="Default suite" duration-ms="183610" started-at="2014-12-01T01:20:51Z" finished-at="2014-12-01T01:23:54Z">
    <groups>
    </groups>
    <test name="Default test" duration-ms="183610" started-at="2014-12-01T01:20:51Z" finished-at="2014-12-01T01:23:54Z">
      <class name="com.skosay.test.login.ConsumerLogin">
        <test-method status="PASS" signature="setUp()[pri:0, instance:com.skosay.test.login.ConsumerLogin@6a03af]" name="setUp" is-config="true" duration-ms="66293" started-at="2014-12-01T09:20:51Z" finished-at="2014-12-01T09:21:57Z">
          <reporter-output>
          </reporter-output>
        </test-method> <!-- setUp -->
        <test-method status="PASS" signature="validLogin()[pri:0, instance:com.skosay.test.login.ConsumerLogin@6a03af]" name="validLogin" duration-ms="16663" started-at="2014-12-01T09:21:57Z" finished-at="2014-12-01T09:22:14Z">
          <reporter-output>
          </reporter-output>
        </test-method> <!-- validLogin -->
        <test-method status="PASS" signature="invalidLoginAccountNotConfirmed()[pri:0, instance:com.skosay.test.login.ConsumerLogin@6a03af]" name="invalidLoginAccountNotConfirmed" duration-ms="59739" started-at="2014-12-01T09:22:14Z" finished-at="2014-12-01T09:23:14Z">
          <reporter-output>
          </reporter-output>
        </test-method> <!-- invalidLoginAccountNotConfirmed -->
        <test-method status="PASS" signature="invalidLoginIncorrectEmail()[pri:0, instance:com.skosay.test.login.ConsumerLogin@6a03af]" name="invalidLoginIncorrectEmail" duration-ms="6567" started-at="2014-12-01T09:23:14Z" finished-at="2014-12-01T09:23:20Z">
          <reporter-output>
          </reporter-output>
        </test-method> <!-- invalidLoginIncorrectEmail -->
        <test-method status="PASS" signature="invalidLoginIncorrectPassword()[pri:0, instance:com.skosay.test.login.ConsumerLogin@6a03af]" name="invalidLoginIncorrectPassword" duration-ms="7044" started-at="2014-12-01T09:23:20Z" finished-at="2014-12-01T09:23:27Z">
          <reporter-output>
          </reporter-output>
        </test-method> <!-- invalidLoginIncorrectPassword -->
        <test-method status="PASS" signature="invalidLogin()[pri:0, instance:com.skosay.test.login.ConsumerLogin@6a03af]" name="invalidLogin" duration-ms="6301" started-at="2014-12-01T09:23:27Z" finished-at="2014-12-01T09:23:33Z">
          <reporter-output>
          </reporter-output>
        </test-method> <!-- invalidLogin -->
        <test-method status="PASS" signature="noInputEmail()[pri:0, instance:com.skosay.test.login.ConsumerLogin@6a03af]" name="noInputEmail" duration-ms="6267" started-at="2014-12-01T09:23:33Z" finished-at="2014-12-01T09:23:40Z">
          <reporter-output>
          </reporter-output>
        </test-method> <!-- noInputEmail -->
        <test-method status="PASS" signature="noInputPassword()[pri:0, instance:com.skosay.test.login.ConsumerLogin@6a03af]" name="noInputPassword" duration-ms="8228" started-at="2014-12-01T09:23:40Z" finished-at="2014-12-01T09:23:48Z">
          <reporter-output>
          </reporter-output>
        </test-method> <!-- noInputPassword -->
        <test-method status="PASS" signature="noInput()[pri:0, instance:com.skosay.test.login.ConsumerLogin@6a03af]" name="noInput" duration-ms="6456" started-at="2014-12-01T09:23:48Z" finished-at="2014-12-01T09:23:54Z">
          <reporter-output>
          </reporter-output>
        </test-method> <!-- noInput -->
        <test-method status="PASS" signature="tearDown()[pri:0, instance:com.skosay.test.login.ConsumerLogin@6a03af]" name="tearDown" is-config="true" duration-ms="0" started-at="2014-12-01T09:23:54Z" finished-at="2014-12-01T09:23:54Z">
          <reporter-output>
          </reporter-output>
        </test-method> <!-- tearDown -->
      </class> <!-- com.skosay.test.login.ConsumerLogin -->
    </test> <!-- Default test -->
  </suite> <!-- Default suite -->
</testng-results>
